[2026/05/19 ЦЬ¶ю 10:23:58.24] starting dev server 

> temu-operations-dashboard@0.1.0 dev
> vite --configLoader runner

[31mfailed to load config from F:\йЎ№з›®\TEMUиїђиђҐж•°жЌ®е¤§е±Џ\vite.config.js[39m
[31merror when starting dev server:
Error: spawn EPERM
    at ChildProcess.spawn (node:internal/child_process:441:11)
    at spawn (node:child_process:796:9)
    at Object.execFile (node:child_process:349:17)
    at exec (node:child_process:236:25)
    at optimizeSafeRealPathSync (file:///F:/%E9%A1%B9%E7%9B%AE/TEMU%E8%BF%90%E8%90%A5%E6%95%B0%E6%8D%AE%E5%A4%A7%E5%B1%8F/node_modules/vite/dist/node/chunks/config.js:2230:2)
    at windowsSafeRealPathSync (file:///F:/%E9%A1%B9%E7%9B%AE/TEMU%E8%BF%90%E8%90%A5%E6%95%B0%E6%8D%AE%E5%A4%A7%E5%B1%8F/node_modules/vite/dist/node/chunks/config.js:2216:3)
    at getRealPath (file:///F:/%E9%A1%B9%E7%9B%AE/TEMU%E8%BF%90%E8%90%A5%E6%95%B0%E6%8D%AE%E5%A4%A7%E5%B1%8F/node_modules/vite/dist/node/chunks/config.js:32953:36)
    at tryResolveRealFileOrType (file:///F:/%E9%A1%B9%E7%9B%AE/TEMU%E8%BF%90%E8%90%A5%E6%95%B0%E6%8D%AE%E5%A4%A7%E5%B1%8F/node_modules/vite/dist/node/chunks/config.js:32947:9)
    at tryCleanFsResolve (file:///F:/%E9%A1%B9%E7%9B%AE/TEMU%E8%BF%90%E8%90%A5%E6%95%B0%E6%8D%AE%E5%A4%A7%E5%B1%8F/node_modules/vite/dist/node/chunks/config.js:32671:21)
    at tryFsResolve (file:///F:/%E9%A1%B9%E7%9B%AE/TEMU%E8%BF%90%E8%90%A5%E6%95%B0%E6%8D%AE%E5%A4%A7%E5%B1%8F/node_modules/vite/dist/node/chunks/config.js:32664:14)[39m
[2026/05/19 ЦЬ¶ю 10:25:17.52] starting dev server 

> temu-operations-dashboard@0.1.0 dev
> vite --configLoader runner


  [32m[1mVITE[22m v7.3.3[39m  [2mready in [0m[1m337[22m[2m[0m ms[22m

  [32mвћњ[39m  [1mLocal[22m:   [36mhttp://127.0.0.1:[1m5176[22m/[39m
[2m[32m  вћњ[39m[22m[2m  press [22m[1mh + enter[22m[2m to show help[22m
^CОДјюГыЎўДїВјГы»тѕн±кУп·ЁІ»ХэИ·ЎЈ
[2026-05-19 10:31:40] starting dev server
[2026-05-19 12:31:56] starting dev server
[2026-05-20 10:26:36] starting dev server
[2026-05-20 11:48:57] starting dev server
[2026-05-21 11:17:27] starting dev server
[2026-05-25 09:58:56] starting dev server
[2026-05-25 09:58:57] command: cd /d "F:\ПоДї\TEMUФЛУЄКэѕЭґуЖБ" && "C:\Program Files\nodejs\npm.cmd" run dev
[2026-05-25 10:00:02] starting dev server
[2026-05-25 10:00:03] command: cd /d "F:\ПоДї\TEMUФЛУЄКэѕЭґуЖБ" && "C:\Program Files\nodejs\npm.cmd" run dev >> "F:\ПоДї\TEMUФЛУЄКэѕЭґуЖБ\logs\startup.log" 2>&1

> ecommerce-operations-center@0.1.0 dev
> vite --configLoader runner

[31mfailed to load config from F:\йЎ№з›®\TEMUиїђиђҐж•°жЌ®е¤§е±Џ\vite.config.js[39m
[31merror when starting dev server:
Error: spawn EPERM
    at ChildProcess.spawn (node:internal/child_process:441:11)
    at spawn (node:child_process:796:9)
    at Object.execFile (node:child_process:349:17)
    at exec (node:child_process:236:25)
    at optimizeSafeRealPathSync (file:///F:/%E9%A1%B9%E7%9B%AE/TEMU%E8%BF%90%E8%90%A5%E6%95%B0%E6%8D%AE%E5%A4%A7%E5%B1%8F/node_modules/vite/dist/node/chunks/config.js:2230:2)
    at windowsSafeRealPathSync (file:///F:/%E9%A1%B9%E7%9B%AE/TEMU%E8%BF%90%E8%90%A5%E6%95%B0%E6%8D%AE%E5%A4%A7%E5%B1%8F/node_modules/vite/dist/node/chunks/config.js:2216:3)
    at getRealPath (file:///F:/%E9%A1%B9%E7%9B%AE/TEMU%E8%BF%90%E8%90%A5%E6%95%B0%E6%8D%AE%E5%A4%A7%E5%B1%8F/node_modules/vite/dist/node/chunks/config.js:32953:36)
    at tryResolveRealFileOrType (file:///F:/%E9%A1%B9%E7%9B%AE/TEMU%E8%BF%90%E8%90%A5%E6%95%B0%E6%8D%AE%E5%A4%A7%E5%B1%8F/node_modules/vite/dist/node/chunks/config.js:32947:9)
    at tryCleanFsResolve (file:///F:/%E9%A1%B9%E7%9B%AE/TEMU%E8%BF%90%E8%90%A5%E6%95%B0%E6%8D%AE%E5%A4%A7%E5%B1%8F/node_modules/vite/dist/node/chunks/config.js:32671:21)
    at tryFsResolve (file:///F:/%E9%A1%B9%E7%9B%AE/TEMU%E8%BF%90%E8%90%A5%E6%95%B0%E6%8D%AE%E5%A4%A7%E5%B1%8F/node_modules/vite/dist/node/chunks/config.js:32664:14)[39m
[2026-05-25 10:06:42] starting dev server
[2026-05-25 10:06:43] command: "C:\Program Files\nodejs\npm.cmd" run dev
[2026-05-25 10:06:43] failed: Item has already been added. Key in dictionary: 'Path'  Key being added: 'PATH'
[2026-05-25 10:07:12] starting dev server
[2026-05-25 10:07:13] command: cd /d "F:\ПоДї\TEMUФЛУЄКэѕЭґуЖБ" && "C:\Program Files\nodejs\npm.cmd" run dev >> "F:\ПоДї\TEMUФЛУЄКэѕЭґуЖБ\logs\vite-out.log" 2>> "F:\ПоДї\TEMUФЛУЄКэѕЭґуЖБ\logs\vite-error.log"
[2026-05-25 10:07:13] process started pid=31620
[2026-05-25 10:28:18] starting dev server
[2026-05-25 10:28:19] command: cd /d "F:\ПоДї\TEMUФЛУЄКэѕЭґуЖБ" && "C:\Program Files\nodejs\npm.cmd" run dev >> "F:\ПоДї\TEMUФЛУЄКэѕЭґуЖБ\logs\vite-out.log" 2>> "F:\ПоДї\TEMUФЛУЄКэѕЭґуЖБ\logs\vite-error.log"
[2026-05-25 10:28:19] process started pid=18704
[2026-05-25 10:28:35] starting dev server
[2026-05-25 10:28:36] command: cd /d "F:\ПоДї\TEMUФЛУЄКэѕЭґуЖБ" && "C:\Program Files\nodejs\npm.cmd" run dev >> "F:\ПоДї\TEMUФЛУЄКэѕЭґуЖБ\logs\vite-out.log" 2>> "F:\ПоДї\TEMUФЛУЄКэѕЭґуЖБ\logs\vite-error.log"
[2026-05-25 10:28:36] process started pid=17500
[2026-05-25 10:30:11] starting dev server
[2026-05-25 10:30:12] command: cd /d "F:\ПоДї\TEMUФЛУЄКэѕЭґуЖБ" && "C:\Program Files\nodejs\npm.cmd" run dev >> "F:\ПоДї\TEMUФЛУЄКэѕЭґуЖБ\logs\vite-out.log" 2>> "F:\ПоДї\TEMUФЛУЄКэѕЭґуЖБ\logs\vite-error.log"
[2026-05-25 10:30:12] process started pid=29192
[2026-05-25 10:31:27] starting dev server
[2026-05-25 10:31:28] command: cd /d "F:\ПоДї\TEMUФЛУЄКэѕЭґуЖБ" && "C:\Program Files\nodejs\npm.cmd" run dev >> "F:\ПоДї\TEMUФЛУЄКэѕЭґуЖБ\logs\vite-out.log" 2>> "F:\ПоДї\TEMUФЛУЄКэѕЭґуЖБ\logs\vite-error.log"
[2026-05-25 10:31:28] process started pid=30436
[2026-05-25 17:49:08] starting dev server
[2026-05-25 17:49:10] command: cd /d "F:\ПоДї\TEMUФЛУЄКэѕЭґуЖБ" && "C:\Program Files\nodejs\npm.cmd" run dev >> "F:\ПоДї\TEMUФЛУЄКэѕЭґуЖБ\logs\vite-out.log" 2>> "F:\ПоДї\TEMUФЛУЄКэѕЭґуЖБ\logs\vite-error.log"
[2026-05-25 17:49:10] process started pid=23892
[2026-05-25 20:51:10] starting dev server
[2026-05-25 20:51:12] command: cd /d "F:\ПоДї\TEMUФЛУЄКэѕЭґуЖБ" && "C:\Program Files\nodejs\npm.cmd" run dev >> "F:\ПоДї\TEMUФЛУЄКэѕЭґуЖБ\logs\vite-out.log" 2>> "F:\ПоДї\TEMUФЛУЄКэѕЭґуЖБ\logs\vite-error.log"
[2026-05-25 20:51:12] process started pid=25676
[2026-05-27 20:27:16] starting dev server
[2026-05-27 20:27:18] command: cd /d "F:\ПоДї\TEMUФЛУЄКэѕЭґуЖБ" && "C:\Program Files\nodejs\npm.cmd" run dev -- --host 127.0.0.1 --port 5176 >> "F:\ПоДї\TEMUФЛУЄКэѕЭґуЖБ\logs\vite-out.log" 2>> "F:\ПоДї\TEMUФЛУЄКэѕЭґуЖБ\logs\vite-error.log"
[2026-05-27 20:27:18] process started pid=31408
[2026-05-27 20:27:21] service ready, opening http://127.0.0.1:5176/admin
[2026-05-28 01:28:19] starting dev server
[2026-05-28 01:28:21] command: cd /d "F:\ПоДї\TEMUФЛУЄКэѕЭґуЖБ" && "C:\Program Files\nodejs\npm.cmd" run dev -- --host 127.0.0.1 --port 5176 >> "F:\ПоДї\TEMUФЛУЄКэѕЭґуЖБ\logs\vite-out.log" 2>> "F:\ПоДї\TEMUФЛУЄКэѕЭґуЖБ\logs\vite-error.log"
[2026-05-28 01:28:21] process started pid=25008
[2026-05-28 01:28:22] service ready, opening http://127.0.0.1:5176/admin
[2026-05-29 10:35:28] starting dev server
[2026-05-29 10:35:30] command: cd /d "F:\ПоДї\TEMUФЛУЄКэѕЭґуЖБ" && "C:\Program Files\nodejs\npm.cmd" run dev -- --host 127.0.0.1 --port 5176 >> "F:\ПоДї\TEMUФЛУЄКэѕЭґуЖБ\logs\vite-out.log" 2>> "F:\ПоДї\TEMUФЛУЄКэѕЭґуЖБ\logs\vite-error.log"
[2026-05-29 10:35:30] process started pid=28792
[2026-05-29 10:35:31] service ready, opening http://127.0.0.1:5176/admin
[2026-05-31 12:20:33] starting dev server
[2026-05-31 12:20:34] command: cd /d "F:\ПоДї\TEMUФЛУЄКэѕЭґуЖБ" && "C:\Program Files\nodejs\npm.cmd" run dev -- --host 127.0.0.1 --port 5176 >> "F:\ПоДї\TEMUФЛУЄКэѕЭґуЖБ\logs\vite-out.log" 2>> "F:\ПоДї\TEMUФЛУЄКэѕЭґуЖБ\logs\vite-error.log"
[2026-05-31 12:20:34] process started pid=14328
[2026-05-31 12:20:36] service ready, opening http://127.0.0.1:5176/admin
[2026-06-01 11:02:28] starting dev server
[2026-06-01 11:02:29] command: cd /d "F:\ПоДї\TEMUФЛУЄКэѕЭґуЖБ" && "C:\Program Files\nodejs\npm.cmd" run dev -- --host 127.0.0.1 --port 5176 >> "F:\ПоДї\TEMUФЛУЄКэѕЭґуЖБ\logs\vite-out.log" 2>> "F:\ПоДї\TEMUФЛУЄКэѕЭґуЖБ\logs\vite-error.log"
[2026-06-01 11:02:29] process started pid=25016
[2026-06-01 11:02:34] service ready, opening http://127.0.0.1:5176/admin
[2026-06-02 09:50:58] starting dev server
[2026-06-02 09:51:00] command: cd /d "F:\ПоДї\TEMUФЛУЄКэѕЭґуЖБ" && "C:\Program Files\nodejs\npm.cmd" run dev -- --host 127.0.0.1 --port 5176 >> "F:\ПоДї\TEMUФЛУЄКэѕЭґуЖБ\logs\vite-out.log" 2>> "F:\ПоДї\TEMUФЛУЄКэѕЭґуЖБ\logs\vite-error.log"
[2026-06-02 09:51:00] process started pid=22348
[2026-06-02 09:51:03] service ready, opening http://127.0.0.1:5176/admin
[2026-06-03 11:08:29] starting dev server
[2026-06-03 11:08:31] command: cd /d "F:\ПоДї\TEMUФЛУЄКэѕЭґуЖБ" && "C:\Program Files\nodejs\npm.cmd" run dev -- --host 127.0.0.1 --port 5176 >> "F:\ПоДї\TEMUФЛУЄКэѕЭґуЖБ\logs\vite-out.log" 2>> "F:\ПоДї\TEMUФЛУЄКэѕЭґуЖБ\logs\vite-error.log"
[2026-06-03 11:08:31] process started pid=28232
[2026-06-03 11:08:34] service ready, opening http://127.0.0.1:5176/admin
[2026-06-05 13:42:03] starting dev server
[2026-06-05 13:42:04] command: cd /d "F:\ПоДї\TEMUФЛУЄКэѕЭґуЖБ" && "C:\Program Files\nodejs\npm.cmd" run dev -- --host 127.0.0.1 --port 5176 >> "F:\ПоДї\TEMUФЛУЄКэѕЭґуЖБ\logs\vite-out.log" 2>> "F:\ПоДї\TEMUФЛУЄКэѕЭґуЖБ\logs\vite-error.log"
[2026-06-05 13:42:04] process started pid=27164
[2026-06-05 13:42:07] service ready, opening http://127.0.0.1:5176/admin
[2026-06-08 09:30:40] starting dev server
[2026-06-08 09:30:41] command: cd /d "F:\ПоДї\TEMUФЛУЄКэѕЭґуЖБ" && "C:\Program Files\nodejs\npm.cmd" run dev -- --host 127.0.0.1 --port 5176 >> "F:\ПоДї\TEMUФЛУЄКэѕЭґуЖБ\logs\vite-out.log" 2>> "F:\ПоДї\TEMUФЛУЄКэѕЭґуЖБ\logs\vite-error.log"
[2026-06-08 09:30:41] process started pid=3856
[2026-06-08 09:30:45] waiting for port 5176
[2026-06-08 09:30:48] waiting for port 5176
[2026-06-08 09:30:51] waiting for port 5176
[2026-06-08 09:31:12] service ready, opening http://127.0.0.1:5176/admin
[2026-06-10 11:05:26] starting dev server
[2026-06-10 11:05:27] command: cd /d "F:\ПоДї\TEMUФЛУЄКэѕЭґуЖБ" && "C:\Program Files\nodejs\npm.cmd" run dev -- --host 127.0.0.1 --port 5176 >> "F:\ПоДї\TEMUФЛУЄКэѕЭґуЖБ\logs\vite-out.log" 2>> "F:\ПоДї\TEMUФЛУЄКэѕЭґуЖБ\logs\vite-error.log"
[2026-06-10 11:05:27] process started pid=16772
[2026-06-10 11:05:30] service ready, opening http://127.0.0.1:5176/admin
[2026-06-11 13:29:20] starting dev server
[2026-06-11 13:29:20] command: cd /d "F:\ПоДї\TEMUФЛУЄКэѕЭґуЖБ" && "C:\Program Files\nodejs\npm.cmd" run dev -- --host 127.0.0.1 --port 5176 >> "F:\ПоДї\TEMUФЛУЄКэѕЭґуЖБ\logs\vite-out.log" 2>> "F:\ПоДї\TEMUФЛУЄКэѕЭґуЖБ\logs\vite-error.log"
[2026-06-11 13:29:21] process started pid=2816
[2026-06-11 13:29:24] waiting for port 5176
[2026-06-11 13:29:26] service ready, opening http://127.0.0.1:5176/admin
[2026-06-12 07:45:56] starting dev server
[2026-06-12 07:45:57] command: cd /d "F:\ПоДї\TEMUФЛУЄКэѕЭґуЖБ" && "C:\Program Files\nodejs\npm.cmd" run dev -- --host 127.0.0.1 --port 5176 >> "F:\ПоДї\TEMUФЛУЄКэѕЭґуЖБ\logs\vite-out.log" 2>> "F:\ПоДї\TEMUФЛУЄКэѕЭґуЖБ\logs\vite-error.log"
[2026-06-12 07:45:57] process started pid=24112
[2026-06-12 07:46:00] waiting for port 5176
[2026-06-12 07:46:01] service ready, opening http://127.0.0.1:5176/admin
[2026-06-13 13:24:25] starting dev server
[2026-06-13 13:24:26] command: cd /d "F:\ПоДї\TEMUФЛУЄКэѕЭґуЖБ" && "C:\Program Files\nodejs\npm.cmd" run dev -- --host 127.0.0.1 --port 5176 >> "F:\ПоДї\TEMUФЛУЄКэѕЭґуЖБ\logs\vite-out.log" 2>> "F:\ПоДї\TEMUФЛУЄКэѕЭґуЖБ\logs\vite-error.log"
[2026-06-13 13:24:26] process started pid=22656
[2026-06-13 13:24:29] waiting for port 5176
[2026-06-13 13:24:30] service ready, opening http://127.0.0.1:5176/admin
[2026-06-14 11:52:09] starting dev server
[2026-06-14 11:52:10] command: cd /d "F:\ПоДї\TEMUФЛУЄКэѕЭґуЖБ" && "C:\Program Files\nodejs\npm.cmd" run dev -- --host 127.0.0.1 --port 5176 >> "F:\ПоДї\TEMUФЛУЄКэѕЭґуЖБ\logs\vite-out.log" 2>> "F:\ПоДї\TEMUФЛУЄКэѕЭґуЖБ\logs\vite-error.log"
[2026-06-14 11:52:10] process started pid=25772
[2026-06-14 11:52:13] waiting for port 5176
[2026-06-14 11:52:14] service ready, opening http://127.0.0.1:5176/admin
[2026-06-22 09:20:28] starting dev server
[2026-06-22 09:20:29] command: cd /d "F:\ПоДї\TEMUФЛУЄКэѕЭґуЖБ" && "C:\Program Files\nodejs\npm.cmd" run dev -- --host 127.0.0.1 --port 5176 >> "F:\ПоДї\TEMUФЛУЄКэѕЭґуЖБ\logs\vite-out.log" 2>> "F:\ПоДї\TEMUФЛУЄКэѕЭґуЖБ\logs\vite-error.log"
[2026-06-22 09:20:29] process started pid=24408
[2026-06-22 09:20:31] service ready, opening http://127.0.0.1:5176/admin
[2026-06-22 09:37:29] starting dev server
[2026-06-22 09:37:30] command: cd /d "F:\ПоДї\TEMUФЛУЄКэѕЭґуЖБ" && "C:\Program Files\nodejs\npm.cmd" run dev -- --host 127.0.0.1 --port 5176 >> "F:\ПоДї\TEMUФЛУЄКэѕЭґуЖБ\logs\vite-out.log" 2>> "F:\ПоДї\TEMUФЛУЄКэѕЭґуЖБ\logs\vite-error.log"
[2026-06-22 09:37:30] process started pid=24408
[2026-06-22 09:37:32] service ready, opening http://127.0.0.1:5176/admin
[2026-06-23 13:59:10] starting dev server
[2026-06-23 13:59:12] command: cd /d "F:\ПоДї\TEMUФЛУЄКэѕЭґуЖБ" && "C:\Program Files\nodejs\npm.cmd" run dev -- --host 127.0.0.1 --port 5176 >> "F:\ПоДї\TEMUФЛУЄКэѕЭґуЖБ\logs\vite-out.log" 2>> "F:\ПоДї\TEMUФЛУЄКэѕЭґуЖБ\logs\vite-error.log"
[2026-06-23 13:59:12] process started pid=26620
[2026-06-23 13:59:13] service ready, opening http://127.0.0.1:5176/admin
[2026-06-24 13:29:56] starting dev server
[2026-06-24 13:29:57] command: cd /d "F:\ПоДї\TEMUФЛУЄКэѕЭґуЖБ" && "C:\Program Files\nodejs\npm.cmd" run dev -- --host 127.0.0.1 --port 5176 >> "F:\ПоДї\TEMUФЛУЄКэѕЭґуЖБ\logs\vite-out.log" 2>> "F:\ПоДї\TEMUФЛУЄКэѕЭґуЖБ\logs\vite-error.log"
[2026-06-24 13:29:57] process started pid=22136
[2026-06-24 13:30:00] waiting for port 5176
[2026-06-24 13:30:03] waiting for port 5176
[2026-06-24 13:30:07] service ready, opening http://127.0.0.1:5176/admin
[2026-06-26 08:08:42] starting dev server
[2026-06-26 08:08:43] command: cd /d "F:\ПоДї\TEMUФЛУЄКэѕЭґуЖБ" && "C:\Program Files\nodejs\npm.cmd" run dev -- --host 127.0.0.1 --port 5176 >> "F:\ПоДї\TEMUФЛУЄКэѕЭґуЖБ\logs\vite-out.log" 2>> "F:\ПоДї\TEMUФЛУЄКэѕЭґуЖБ\logs\vite-error.log"
[2026-06-26 08:08:43] process started pid=3324
[2026-06-26 08:08:45] service ready, opening http://127.0.0.1:5176/admin
[2026-06-27 11:17:01] starting dev server
[2026-06-27 11:17:02] command: cd /d "F:\ПоДї\TEMUФЛУЄКэѕЭґуЖБ" && "C:\Program Files\nodejs\npm.cmd" run dev -- --host 127.0.0.1 --port 5176 >> "F:\ПоДї\TEMUФЛУЄКэѕЭґуЖБ\logs\vite-out.log" 2>> "F:\ПоДї\TEMUФЛУЄКэѕЭґуЖБ\logs\vite-error.log"
[2026-06-27 11:17:02] process started pid=16984
[2026-06-27 11:17:05] waiting for port 5176
[2026-06-27 11:17:08] waiting for port 5176
[2026-06-27 11:17:11] service ready, opening http://127.0.0.1:5176/admin
[2026-06-27 14:03:46] starting dev server
[2026-06-27 14:03:47] port 5176 already listening
[2026-06-27 14:04:14] starting dev server
[2026-06-27 14:04:15] port 5176 already listening
[2026-06-29 07:36:51] starting dev server
[2026-06-29 07:36:52] command: cd /d "F:\ПоДї\TEMUФЛУЄКэѕЭґуЖБ" && "C:\Program Files\nodejs\npm.cmd" run dev -- --host 127.0.0.1 --port 5176 >> "F:\ПоДї\TEMUФЛУЄКэѕЭґуЖБ\logs\vite-out.log" 2>> "F:\ПоДї\TEMUФЛУЄКэѕЭґуЖБ\logs\vite-error.log"
[2026-06-29 07:36:52] process started pid=17232
[2026-06-29 07:36:55] waiting for port 5176
[2026-06-29 07:36:59] waiting for port 5176
[2026-06-29 07:37:02] waiting for port 5176
[2026-06-29 07:37:05] waiting for port 5176
[2026-06-29 07:37:08] waiting for port 5176
[2026-06-29 07:37:11] waiting for port 5176
[2026-06-29 07:37:14] waiting for port 5176
[2026-06-29 07:37:17] waiting for port 5176
[2026-06-29 07:37:20] waiting for port 5176
[2026-06-29 07:37:23] waiting for port 5176
[2026-06-29 07:37:26] waiting for port 5176
[2026-06-29 07:37:29] waiting for port 5176
[2026-06-29 07:37:32] waiting for port 5176
[2026-06-29 07:37:35] waiting for port 5176
[2026-06-29 07:37:38] waiting for port 5176
[2026-06-29 07:37:41] waiting for port 5176
[2026-06-29 07:37:44] waiting for port 5176
[2026-06-29 07:37:47] waiting for port 5176
[2026-06-29 07:37:49] service ready, opening http://127.0.0.1:5176/admin
[2026-06-30 10:08:37] starting dev server
[2026-06-30 10:08:38] command: cd /d "F:\ПоДї\TEMUФЛУЄКэѕЭґуЖБ" && "C:\Program Files\nodejs\npm.cmd" run dev -- --host 127.0.0.1 --port 5176 >> "F:\ПоДї\TEMUФЛУЄКэѕЭґуЖБ\logs\vite-out.log" 2>> "F:\ПоДї\TEMUФЛУЄКэѕЭґуЖБ\logs\vite-error.log"
[2026-06-30 10:08:38] process started pid=12540
[2026-06-30 10:08:41] waiting for port 5176
[2026-06-30 10:08:44] waiting for port 5176
[2026-06-30 10:08:47] waiting for port 5176
[2026-06-30 10:08:50] waiting for port 5176
[2026-06-30 10:08:53] waiting for port 5176
[2026-06-30 10:08:56] waiting for port 5176
[2026-06-30 10:08:59] waiting for port 5176
[2026-06-30 10:09:02] waiting for port 5176
[2026-06-30 10:09:05] waiting for port 5176
[2026-06-30 10:09:08] waiting for port 5176
[2026-06-30 10:09:12] waiting for port 5176
[2026-06-30 10:09:15] waiting for port 5176
[2026-06-30 10:09:18] waiting for port 5176
[2026-06-30 10:09:19] service ready, opening http://127.0.0.1:5176/admin
[2026-07-01 10:51:07] starting dev server
[2026-07-01 10:51:09] command: cd /d "F:\ПоДї\TEMUФЛУЄКэѕЭґуЖБ" && "C:\Program Files\nodejs\npm.cmd" run dev -- --host 127.0.0.1 --port 5176 >> "F:\ПоДї\TEMUФЛУЄКэѕЭґуЖБ\logs\vite-out.log" 2>> "F:\ПоДї\TEMUФЛУЄКэѕЭґуЖБ\logs\vite-error.log"
[2026-07-01 10:51:09] process started pid=13812
[2026-07-01 10:51:13] waiting for port 5176
[2026-07-01 10:51:16] waiting for port 5176
[2026-07-01 10:51:19] waiting for port 5176
[2026-07-01 10:51:22] waiting for port 5176
[2026-07-01 10:51:25] waiting for port 5176
[2026-07-01 10:51:28] waiting for port 5176
[2026-07-01 10:51:31] waiting for port 5176
[2026-07-01 10:51:34] waiting for port 5176
[2026-07-01 10:51:37] waiting for port 5176
[2026-07-01 10:51:40] waiting for port 5176
[2026-07-01 10:51:43] waiting for port 5176
[2026-07-01 10:51:46] waiting for port 5176
[2026-07-01 10:51:49] waiting for port 5176
[2026-07-01 10:51:52] waiting for port 5176
[2026-07-01 10:51:55] waiting for port 5176
[2026-07-01 10:51:58] waiting for port 5176
[2026-07-01 10:52:01] waiting for port 5176
[2026-07-01 10:52:04] waiting for port 5176
[2026-07-01 10:52:07] waiting for port 5176
[2026-07-01 10:52:10] waiting for port 5176
[2026-07-01 10:52:13] waiting for port 5176
[2026-07-01 10:52:16] waiting for port 5176
[2026-07-01 10:52:19] waiting for port 5176
[2026-07-01 10:52:22] waiting for port 5176
[2026-07-01 10:52:23] service ready, opening http://127.0.0.1:5176/admin
[2026-07-01 10:52:39] starting dev server
[2026-07-01 10:52:40] port 5176 already listening
[2026-07-02 07:39:27] starting dev server
[2026-07-02 07:39:28] command: cd /d "F:\ПоДї\TEMUФЛУЄКэѕЭґуЖБ" && "C:\Program Files\nodejs\npm.cmd" run dev -- --host 127.0.0.1 --port 5176 >> "F:\ПоДї\TEMUФЛУЄКэѕЭґуЖБ\logs\vite-out.log" 2>> "F:\ПоДї\TEMUФЛУЄКэѕЭґуЖБ\logs\vite-error.log"
[2026-07-02 07:39:28] process started pid=13308
[2026-07-02 07:39:31] waiting for port 5176
[2026-07-02 07:39:34] waiting for port 5176
[2026-07-02 07:39:38] waiting for port 5176
[2026-07-02 07:39:41] waiting for port 5176
[2026-07-02 07:39:44] waiting for port 5176
[2026-07-02 07:39:47] waiting for port 5176
[2026-07-02 07:39:50] waiting for port 5176
[2026-07-02 07:39:53] waiting for port 5176
[2026-07-02 07:39:56] waiting for port 5176
[2026-07-02 07:39:59] waiting for port 5176
[2026-07-02 07:40:02] waiting for port 5176
[2026-07-02 07:40:05] waiting for port 5176
[2026-07-02 07:40:08] waiting for port 5176
[2026-07-02 07:40:11] waiting for port 5176
[2026-07-02 07:40:14] waiting for port 5176
[2026-07-02 07:40:17] waiting for port 5176
[2026-07-02 07:40:20] waiting for port 5176
[2026-07-02 07:40:23] waiting for port 5176
[2026-07-02 07:40:26] waiting for port 5176
[2026-07-02 07:40:29] waiting for port 5176
[2026-07-02 07:40:32] waiting for port 5176
[2026-07-02 07:40:35] waiting for port 5176
[2026-07-02 07:40:38] waiting for port 5176
[2026-07-02 07:40:40] service ready, opening http://127.0.0.1:5176/admin
