[temu-product-info-api-error] {
  message: 'invalid input syntax for type uuid: "store-1779189685728-5d0o88"',
  stack: 'error: invalid input syntax for type uuid: "store-1779189685728-5d0o88"\n' +
    '    at F:\\项目\\TEMU运营数据大屏\\node_modules\\pg-pool\\index.js:45:11\n' +
    '    at process.processTicksAndRejections (node:internal/process/task_queues:104:5)\n' +
    '    at async getProductImportOverview (F:/项目/TEMU运营数据大屏/server/temu/newProductCenterRepository.js:1438:19)\n' +
    '    at async handleTemuProductInfoImportApi (F:/项目/TEMU运营数据大屏/vite.config.js:3057:30)'
}
[temu-product-info-api-error] {
  message: 'invalid input syntax for type uuid: "store-1779189685728-5d0o88"',
  stack: 'error: invalid input syntax for type uuid: "store-1779189685728-5d0o88"\n' +
    '    at F:\\项目\\TEMU运营数据大屏\\node_modules\\pg-pool\\index.js:45:11\n' +
    '    at process.processTicksAndRejections (node:internal/process/task_queues:104:5)\n' +
    '    at async getProductImportOverview (F:/项目/TEMU运营数据大屏/server/temu/newProductCenterRepository.js:1438:19)\n' +
    '    at async handleTemuProductInfoImportApi (F:/项目/TEMU运营数据大屏/vite.config.js:3057:30)'
}
[temu-product-info-api-error] {
  message: 'invalid input syntax for type uuid: "store-1779189685728-5d0o88"',
  stack: 'error: invalid input syntax for type uuid: "store-1779189685728-5d0o88"\n' +
    '    at F:\\项目\\TEMU运营数据大屏\\node_modules\\pg-pool\\index.js:45:11\n' +
    '    at process.processTicksAndRejections (node:internal/process/task_queues:104:5)\n' +
    '    at async getProductImportOverview (F:/项目/TEMU运营数据大屏/server/temu/newProductCenterRepository.js:1438:19)\n' +
    '    at async handleTemuProductInfoImportApi (F:/项目/TEMU运营数据大屏/vite.config.js:3057:30)'
}
[temu-product-info-api-error] {
  message: 'invalid input syntax for type uuid: "store-1779189685728-5d0o88"',
  stack: 'error: invalid input syntax for type uuid: "store-1779189685728-5d0o88"\n' +
    '    at F:\\项目\\TEMU运营数据大屏\\node_modules\\pg-pool\\index.js:45:11\n' +
    '    at process.processTicksAndRejections (node:internal/process/task_queues:104:5)\n' +
    '    at async getProductImportOverview (F:/项目/TEMU运营数据大屏/server/temu/newProductCenterRepository.js:1438:19)\n' +
    '    at async handleTemuProductInfoImportApi (F:/项目/TEMU运营数据大屏/vite.config.js:3057:30)'
}
[temu-ad-report-api-error] {
  message: 'invalid input syntax for type uuid: "store-1779189685728-5d0o88"',
  stack: 'error: invalid input syntax for type uuid: "store-1779189685728-5d0o88"\n' +
    '    at F:\\项目\\TEMU运营数据大屏\\node_modules\\pg-pool\\index.js:45:11\n' +
    '    at process.processTicksAndRejections (node:internal/process/task_queues:104:5)\n' +
    '    at async getAdImportOverview (F:/项目/TEMU运营数据大屏/server/temu/newProductCenterRepository.js:1536:19)\n' +
    '    at async handleTemuAdReportImportApi (F:/项目/TEMU运营数据大屏/vite.config.js:3154:30)'
}
[temu-ad-report-api-error] {
  message: 'invalid input syntax for type uuid: "store-1779189685728-5d0o88"',
  stack: 'error: invalid input syntax for type uuid: "store-1779189685728-5d0o88"\n' +
    '    at F:\\项目\\TEMU运营数据大屏\\node_modules\\pg-pool\\index.js:45:11\n' +
    '    at process.processTicksAndRejections (node:internal/process/task_queues:104:5)\n' +
    '    at async getAdImportOverview (F:/项目/TEMU运营数据大屏/server/temu/newProductCenterRepository.js:1536:19)\n' +
    '    at async handleTemuAdReportImportApi (F:/项目/TEMU运营数据大屏/vite.config.js:3154:30)'
}
[temu-product-info-api-error] {
  message: 'invalid input syntax for type uuid: "store-1779189685728-5d0o88"',
  stack: 'error: invalid input syntax for type uuid: "store-1779189685728-5d0o88"\n' +
    '    at F:\\项目\\TEMU运营数据大屏\\node_modules\\pg-pool\\index.js:45:11\n' +
    '    at process.processTicksAndRejections (node:internal/process/task_queues:104:5)\n' +
    '    at async getProductImportOverview (F:/项目/TEMU运营数据大屏/server/temu/newProductCenterRepository.js:1438:19)\n' +
    '    at async handleTemuProductInfoImportApi (F:/项目/TEMU运营数据大屏/vite.config.js:3057:30)'
}
[temu-product-info-api-error] {
  message: 'invalid input syntax for type uuid: "store-1779189685728-5d0o88"',
  stack: 'error: invalid input syntax for type uuid: "store-1779189685728-5d0o88"\n' +
    '    at F:\\项目\\TEMU运营数据大屏\\node_modules\\pg-pool\\index.js:45:11\n' +
    '    at process.processTicksAndRejections (node:internal/process/task_queues:104:5)\n' +
    '    at async getProductImportOverview (F:/项目/TEMU运营数据大屏/server/temu/newProductCenterRepository.js:1438:19)\n' +
    '    at async handleTemuProductInfoImportApi (F:/项目/TEMU运营数据大屏/vite.config.js:3057:30)'
}
[temu-product-info-api-error] {
  message: 'invalid input syntax for type uuid: "store-1779189685728-5d0o88"',
  stack: 'error: invalid input syntax for type uuid: "store-1779189685728-5d0o88"\n' +
    '    at F:\\项目\\TEMU运营数据大屏\\node_modules\\pg-pool\\index.js:45:11\n' +
    '    at process.processTicksAndRejections (node:internal/process/task_queues:104:5)\n' +
    '    at async getProductImportOverview (F:/项目/TEMU运营数据大屏/server/temu/newProductCenterRepository.js:1452:19)\n' +
    '    at async handleTemuProductInfoImportApi (F:/项目/TEMU运营数据大屏/vite.config.js:3057:30)'
}
[temu-product-info-api-error] {
  message: 'invalid input syntax for type uuid: "store-1779189685728-5d0o88"',
  stack: 'error: invalid input syntax for type uuid: "store-1779189685728-5d0o88"\n' +
    '    at F:\\项目\\TEMU运营数据大屏\\node_modules\\pg-pool\\index.js:45:11\n' +
    '    at process.processTicksAndRejections (node:internal/process/task_queues:104:5)\n' +
    '    at async getProductImportOverview (F:/项目/TEMU运营数据大屏/server/temu/newProductCenterRepository.js:1452:19)\n' +
    '    at async handleTemuProductInfoImportApi (F:/项目/TEMU运营数据大屏/vite.config.js:3057:30)'
}
[temu-product-info-api-error] {
  message: 'invalid input syntax for type uuid: "store-1779250617735-mrgeer"',
  stack: 'error: invalid input syntax for type uuid: "store-1779250617735-mrgeer"\n' +
    '    at F:\\项目\\TEMU运营数据大屏\\node_modules\\pg-pool\\index.js:45:11\n' +
    '    at process.processTicksAndRejections (node:internal/process/task_queues:104:5)\n' +
    '    at async getProductImportOverview (F:/项目/TEMU运营数据大屏/server/temu/newProductCenterRepository.js:1452:19)\n' +
    '    at async handleTemuProductInfoImportApi (F:/项目/TEMU运营数据大屏/vite.config.js:3057:30)'
}
[temu-product-info-api-error] {
  message: 'invalid input syntax for type uuid: "store-1779250617735-mrgeer"',
  stack: 'error: invalid input syntax for type uuid: "store-1779250617735-mrgeer"\n' +
    '    at F:\\项目\\TEMU运营数据大屏\\node_modules\\pg-pool\\index.js:45:11\n' +
    '    at process.processTicksAndRejections (node:internal/process/task_queues:104:5)\n' +
    '    at async getProductImportOverview (F:/项目/TEMU运营数据大屏/server/temu/newProductCenterRepository.js:1452:19)\n' +
    '    at async handleTemuProductInfoImportApi (F:/项目/TEMU运营数据大屏/vite.config.js:3057:30)'
}
[temu-product-info-api-error] {
  message: 'invalid input syntax for type uuid: "store-1779250617735-mrgeer"',
  stack: 'error: invalid input syntax for type uuid: "store-1779250617735-mrgeer"\n' +
    '    at F:\\项目\\TEMU运营数据大屏\\node_modules\\pg-pool\\index.js:45:11\n' +
    '    at process.processTicksAndRejections (node:internal/process/task_queues:104:5)\n' +
    '    at async getProductImportOverview (F:/项目/TEMU运营数据大屏/server/temu/newProductCenterRepository.js:1452:19)\n' +
    '    at async handleTemuProductInfoImportApi (F:/项目/TEMU运营数据大屏/vite.config.js:3057:30)'
}
[temu-product-info-api-error] {
  message: 'invalid input syntax for type uuid: "store-1779250673329-f6ao3r"',
  stack: 'error: invalid input syntax for type uuid: "store-1779250673329-f6ao3r"\n' +
    '    at F:\\项目\\TEMU运营数据大屏\\node_modules\\pg-pool\\index.js:45:11\n' +
    '    at process.processTicksAndRejections (node:internal/process/task_queues:104:5)\n' +
    '    at async getProductImportOverview (F:/项目/TEMU运营数据大屏/server/temu/newProductCenterRepository.js:1452:19)\n' +
    '    at async handleTemuProductInfoImportApi (F:/项目/TEMU运营数据大屏/vite.config.js:3057:30)'
}
[temu-product-info-api-error] {
  message: 'invalid input syntax for type uuid: "store-1779250617735-mrgeer"',
  stack: 'error: invalid input syntax for type uuid: "store-1779250617735-mrgeer"\n' +
    '    at F:\\项目\\TEMU运营数据大屏\\node_modules\\pg-pool\\index.js:45:11\n' +
    '    at process.processTicksAndRejections (node:internal/process/task_queues:104:5)\n' +
    '    at async getProductImportOverview (F:/项目/TEMU运营数据大屏/server/temu/newProductCenterRepository.js:1452:19)\n' +
    '    at async handleTemuProductInfoImportApi (F:/项目/TEMU运营数据大屏/vite.config.js:3057:30)'
}
[temu-ad-report-api-error] {
  message: 'invalid input syntax for type uuid: "store-1779250673329-f6ao3r"',
  stack: 'error: invalid input syntax for type uuid: "store-1779250673329-f6ao3r"\n' +
    '    at F:\\项目\\TEMU运营数据大屏\\node_modules\\pg-pool\\index.js:45:11\n' +
    '    at process.processTicksAndRejections (node:internal/process/task_queues:104:5)\n' +
    '    at async getAdImportOverview (F:/项目/TEMU运营数据大屏/server/temu/newProductCenterRepository.js:1553:19)\n' +
    '    at async handleTemuAdReportImportApi (F:/项目/TEMU运营数据大屏/vite.config.js:3154:30)'
}
